#
# There is insufficient memory for the Java Runtime Environment to continue.
# Native memory allocation (mmap) failed to map 264241152 bytes. Error detail: G1 virtual space
# Possible reasons:
#   The system is out of physical RAM or swap space
#   This process is running with CompressedOops enabled, and the Java Heap may be blocking the growth of the native heap
# Possible solutions:
#   Reduce memory load on the system
#   Increase physical memory or swap space
#   Check if swap backing store is full
#   Decrease Java heap size (-Xmx/-Xms)
#   Decrease number of Java threads
#   Decrease Java thread stack sizes (-Xss)
#   Set larger code cache with -XX:ReservedCodeCacheSize=
#   JVM is running with Zero Based Compressed Oops mode in which the Java heap is
#     placed in the first 32GB address space. The Java Heap base address is the
#     maximum limit for the native heap growth. Please use -XX:HeapBaseMinAddress
#     to set the Java Heap base and to place the Java Heap above 32GB virtual address.
# This output file may be truncated or incomplete.
#
#  Out of Memory Error (os_windows.cpp:3713), pid=23948, tid=34340
#
# JRE version:  (21.0.9+10) (build )
# Java VM: OpenJDK 64-Bit Server VM (21.0.9+10-LTS, mixed mode, sharing, tiered, compressed oops, compressed class ptrs, g1 gc, windows-amd64)
# No core dump will be written. Minidumps are not enabled by default on client versions of Windows
#

---------------  S U M M A R Y ------------

Command Line: -Dfile.encoding=UTF-8 -Dstdout.encoding=UTF-8 -Dstderr.encoding=UTF-8 -XX:+ShowCodeDetailsInExceptionMessages ŔÚąŮ_ż¬»ęŔÚ_Á¤¸®

Host: 13th Gen Intel(R) Core(TM) i7-13700, 24 cores, 15G,  Windows 11 , 64 bit Build 26100 (10.0.26100.7705)
Time: Fri Mar  6 17:06:24 2026 elapsed time: 2.035108 seconds (0d 0h 0m 2s)

---------------  T H R E A D  ---------------

Current thread (0x00000249b4559630):  JavaThread "Unknown thread" [_thread_in_vm, id=34340, stack(0x00000092b6500000,0x00000092b6600000) (1024K)]

Stack: [0x00000092b6500000,0x00000092b6600000]
Native frames: (J=compiled Java code, j=interpreted, Vv=VM code, C=native code)
V  [jvm.dll+0x6d6e29]
V  [jvm.dll+0x8b4b76]
V  [jvm.dll+0x8b712e]
V  [jvm.dll+0x8b7813]
V  [jvm.dll+0x283d86]
V  [jvm.dll+0x6d3745]
V  [jvm.dll+0x6c747a]
V  [jvm.dll+0x35e7e8]
V  [jvm.dll+0x366426]
V  [jvm.dll+0x3b73fe]
V  [jvm.dll+0x3b76a8]
V  [jvm.dll+0x3329ec]
V  [jvm.dll+0x33353b]
V  [jvm.dll+0x87deeb]
V  [jvm.dll+0x3c4381]
V  [jvm.dll+0x867135]
V  [jvm.dll+0x457391]
V  [jvm.dll+0x458f81]
C  [jli.dll+0x52d0]
C  [ucrtbase.dll+0x37b0]
C  [KERNEL32.DLL+0x2e8d7]
C  [ntdll.dll+0x8c40c]


---------------  P R O C E S S  ---------------

Threads class SMR info:
_java_thread_list=0x00007ffb980c91c8, length=0, elements={
}

Java Threads: ( => current thread )
Total: 0

Other Threads:
  0x00000249b45c1940 WorkerThread "GC Thread#0"                     [id=34180, stack(0x00000092b6600000,0x00000092b6700000) (1024K)]
  0x00000249b45d3af0 ConcurrentGCThread "G1 Main Marker"            [id=34292, stack(0x00000092b6700000,0x00000092b6800000) (1024K)]
  0x00000249b45d5470 WorkerThread "G1 Conc#0"                       [id=25776, stack(0x00000092b6800000,0x00000092b6900000) (1024K)]

[error occurred during error reporting (printing all threads), id 0xc0000005, EXCEPTION_ACCESS_VIOLATION (0xc0000005) at pc=0x00007ffb977c50d7]
VM state: not at safepoint (not fully initialized)

VM Mutex/Monitor currently owned by a thread:  ([mutex/lock_event])
[0x00007ffb9813d670] Heap_lock - owner thread: 0x00000249b4559630

Heap address: 0x0000000704e00000, size: 4018 MB, Compressed Oops mode: Zero based, Oop shift amount: 3

CDS archive(s) mapped at: [0x0000000000000000-0x0000000000000000-0x0000000000000000), size 0, SharedBaseAddress: 0x0000000800000000, ArchiveRelocationMode: 1.
Narrow klass base: 0x0000000000000000, Narrow klass shift: 0, Narrow klass range: 0x0

GC Precious Log:
 CardTable entry size: 512
 Card Set container configuration: InlinePtr #cards 4 size 8 Array Of Cards #cards 16 size 48 Howl #buckets 8 coarsen threshold 3686 Howl Bitmap #cards 512 size 80 coarsen threshold 460 Card regions per heap region 1 cards per card region 4096

Heap:
 garbage-first heap   total 0K, used 0K [0x0000000704e00000, 0x0000000800000000)
  region size 2048K, 0 young (0K), 0 survivors (0K)

[error occurred during error reporting (printing heap information), id 0xc0000005, EXCEPTION_ACCESS_VIOLATION (0xc0000005) at pc=0x00007ffb97bb07a9]
GC Heap History (0 events):
No events

Dll operation events (1 events):
Event: 0.005 Loaded shared library C:\javaDev\eclipse\plugins\org.eclipse.justj.openjdk.hotspot.jre.full.win32.x86_64_21.0.9.v20251105-0741\jre\bin\java.dll

Deoptimization events (0 events):
No events

Classes loaded (0 events):
No events

Classes unloaded (0 events):
No events

Classes redefined (0 events):
No events

Internal exceptions (0 events):
No events

ZGC Phase Switch (0 events):
No events

VM Operations (0 events):
No events

Memory protections (0 events):
No events

Nmethod flushes (0 events):
No events

Events (0 events):
No events


Dynamic libraries:
0x00007ff673530000 - 0x00007ff67353e000 	C:\javaDev\eclipse\plugins\org.eclipse.justj.openjdk.hotspot.jre.full.win32.x86_64_21.0.9.v20251105-0741\jre\bin\javaw.exe
0x00007ffc29e00000 - 0x00007ffc2a068000 	C:\WINDOWS\SYSTEM32\ntdll.dll
0x00007ffc28280000 - 0x00007ffc28349000 	C:\WINDOWS\System32\KERNEL32.DLL
0x00007ffc26d20000 - 0x00007ffc27111000 	C:\WINDOWS\System32\KERNELBASE.dll
0x00007ffc26900000 - 0x00007ffc26a4b000 	C:\WINDOWS\System32\ucrtbase.dll
0x00007ffc0fbe0000 - 0x00007ffc0fbf8000 	C:\javaDev\eclipse\plugins\org.eclipse.justj.openjdk.hotspot.jre.full.win32.x86_64_21.0.9.v20251105-0741\jre\bin\jli.dll
0x00007ffc0f040000 - 0x00007ffc0f05e000 	C:\javaDev\eclipse\plugins\org.eclipse.justj.openjdk.hotspot.jre.full.win32.x86_64_21.0.9.v20251105-0741\jre\bin\VCRUNTIME140.dll
0x00007ffc28350000 - 0x00007ffc28516000 	C:\WINDOWS\System32\USER32.dll
0x00007ffc26cf0000 - 0x00007ffc26d17000 	C:\WINDOWS\System32\win32u.dll
0x00007ffc27e80000 - 0x00007ffc27eab000 	C:\WINDOWS\System32\GDI32.dll
0x00007ffc121e0000 - 0x00007ffc12473000 	C:\WINDOWS\WinSxS\amd64_microsoft.windows.common-controls_6595b64144ccf1df_6.0.26100.7824_none_3e0870b2e3345462\COMCTL32.dll
0x00007ffc26bc0000 - 0x00007ffc26ceb000 	C:\WINDOWS\System32\gdi32full.dll
0x00007ffc28020000 - 0x00007ffc280c9000 	C:\WINDOWS\System32\msvcrt.dll
0x00007ffc26790000 - 0x00007ffc26833000 	C:\WINDOWS\System32\msvcp_win.dll
0x00007ffc27ba0000 - 0x00007ffc27bd1000 	C:\WINDOWS\System32\IMM32.DLL
0x00007ffc16410000 - 0x00007ffc1641c000 	C:\javaDev\eclipse\plugins\org.eclipse.justj.openjdk.hotspot.jre.full.win32.x86_64_21.0.9.v20251105-0741\jre\bin\vcruntime140_1.dll
0x00007ffbf4360000 - 0x00007ffbf43ed000 	C:\javaDev\eclipse\plugins\org.eclipse.justj.openjdk.hotspot.jre.full.win32.x86_64_21.0.9.v20251105-0741\jre\bin\msvcp140.dll
0x00007ffb97480000 - 0x00007ffb98220000 	C:\javaDev\eclipse\plugins\org.eclipse.justj.openjdk.hotspot.jre.full.win32.x86_64_21.0.9.v20251105-0741\jre\bin\server\jvm.dll
0x00007ffc27eb0000 - 0x00007ffc27f64000 	C:\WINDOWS\System32\ADVAPI32.dll
0x00007ffc287c0000 - 0x00007ffc28866000 	C:\WINDOWS\System32\sechost.dll
0x00007ffc28160000 - 0x00007ffc28278000 	C:\WINDOWS\System32\RPCRT4.dll
0x00007ffc27fa0000 - 0x00007ffc28014000 	C:\WINDOWS\System32\WS2_32.dll
0x00007ffc26540000 - 0x00007ffc2659e000 	C:\WINDOWS\SYSTEM32\POWRPROF.dll
0x00007ffc1f140000 - 0x00007ffc1f14b000 	C:\WINDOWS\SYSTEM32\VERSION.dll
0x00007ffc16440000 - 0x00007ffc16475000 	C:\WINDOWS\SYSTEM32\WINMM.dll
0x00007ffc26520000 - 0x00007ffc26534000 	C:\WINDOWS\SYSTEM32\UMPDC.dll
0x00007ffc25440000 - 0x00007ffc2545b000 	C:\WINDOWS\SYSTEM32\kernel.appcore.dll
0x00007ffbf66b0000 - 0x00007ffbf66ba000 	C:\javaDev\eclipse\plugins\org.eclipse.justj.openjdk.hotspot.jre.full.win32.x86_64_21.0.9.v20251105-0741\jre\bin\jimage.dll
0x00007ffc091d0000 - 0x00007ffc09412000 	C:\WINDOWS\SYSTEM32\DBGHELP.DLL
0x00007ffc29780000 - 0x00007ffc29b06000 	C:\WINDOWS\System32\combase.dll
0x00007ffc27be0000 - 0x00007ffc27cb7000 	C:\WINDOWS\System32\OLEAUT32.dll
0x00007ffc16350000 - 0x00007ffc1638b000 	C:\WINDOWS\SYSTEM32\dbgcore.DLL
0x00007ffc266e0000 - 0x00007ffc26785000 	C:\WINDOWS\System32\bcryptPrimitives.dll
0x00007ffbc28a0000 - 0x00007ffbc28c0000 	C:\javaDev\eclipse\plugins\org.eclipse.justj.openjdk.hotspot.jre.full.win32.x86_64_21.0.9.v20251105-0741\jre\bin\java.dll

JVMTI agents: none

dbghelp: loaded successfully - version: 4.0.5 - missing functions: none
symbol engine: initialized successfully - sym options: 0x614 - pdb path: .;C:\javaDev\eclipse\plugins\org.eclipse.justj.openjdk.hotspot.jre.full.win32.x86_64_21.0.9.v20251105-0741\jre\bin;C:\WINDOWS\SYSTEM32;C:\WINDOWS\WinSxS\amd64_microsoft.windows.common-controls_6595b64144ccf1df_6.0.26100.7824_none_3e0870b2e3345462;C:\javaDev\eclipse\plugins\org.eclipse.justj.openjdk.hotspot.jre.full.win32.x86_64_21.0.9.v20251105-0741\jre\bin\server

VM Arguments:
jvm_args: -Dfile.encoding=UTF-8 -Dstdout.encoding=UTF-8 -Dstderr.encoding=UTF-8 -XX:+ShowCodeDetailsInExceptionMessages 
java_command: ŔÚąŮ_ż¬»ęŔÚ_Á¤¸®
java_class_path (initial): C:\Users\sist-7\git\hub\Chapter03_ż¬»ęŔÚ\bin
Launcher Type: SUN_STANDARD

[Global flags]
     intx CICompilerCount                          = 12                                        {product} {ergonomic}
     uint ConcGCThreads                            = 5                                         {product} {ergonomic}
     uint G1ConcRefinementThreads                  = 18                                        {product} {ergonomic}
   size_t G1HeapRegionSize                         = 2097152                                   {product} {ergonomic}
    uintx GCDrainStackTargetSize                   = 64                                        {product} {ergonomic}
   size_t InitialHeapSize                          = 264241152                                 {product} {ergonomic}
   size_t MarkStackSize                            = 4194304                                   {product} {ergonomic}
   size_t MaxHeapSize                              = 4213178368                                {product} {ergonomic}
   size_t MinHeapDeltaBytes                        = 2097152                                   {product} {ergonomic}
   size_t MinHeapSize                              = 8388608                                   {product} {ergonomic}
    uintx NonNMethodCodeHeapSize                   = 7602480                                {pd product} {ergonomic}
    uintx NonProfiledCodeHeapSize                  = 122027880                              {pd product} {ergonomic}
    uintx ProfiledCodeHeapSize                     = 122027880                              {pd product} {ergonomic}
    uintx ReservedCodeCacheSize                    = 251658240                              {pd product} {ergonomic}
     bool SegmentedCodeCache                       = true                                      {product} {ergonomic}
     bool ShowCodeDetailsInExceptionMessages       = true                                   {manageable} {command line}
   size_t SoftMaxHeapSize                          = 4213178368                             {manageable} {ergonomic}
     bool UseCompressedOops                        = true                           {product lp64_product} {ergonomic}
     bool UseG1GC                                  = true                                      {product} {ergonomic}
     bool UseLargePagesIndividualAllocation        = false                                  {pd product} {ergonomic}

Logging:
Log output configuration:
 #0: stdout all=warning uptime,level,tags foldmultilines=false
 #1: stderr all=off uptime,level,tags foldmultilines=false

Release file:
<release file has not been read>
Environment Variables:
CLASSPATH=.;C:\jdk-21.0.2\lib
PATH=C:/javaDev/eclipse//plugins/org.eclipse.justj.openjdk.hotspot.jre.full.win32.x86_64_21.0.9.v20251105-0741/jre/bin/server;C:/javaDev/eclipse//plugins/org.eclipse.justj.openjdk.hotspot.jre.full.win32.x86_64_21.0.9.v20251105-0741/jre/bin;C:\WINDOWS\system32;C:\WINDOWS;C:\WINDOWS\System32\Wbem;C:\WINDOWS\System32\WindowsPowerShell\v1.0\;C:\WINDOWS\System32\OpenSSH\;C:\jdk-21.0.2\bin;C:\Users\sist-7\AppData\Local\Microsoft\WindowsApps;;C:\javaDev\eclipse;
USERNAME=sist-7
OS=Windows_NT
PROCESSOR_IDENTIFIER=Intel64 Family 6 Model 183 Stepping 1, GenuineIntel
TMP=C:\Users\sist-7\AppData\Local\Temp
TEMP=C:\Users\sist-7\AppData\Local\Temp




Periodic native trim disabled

---------------  S Y S T E M  ---------------

OS:
 Windows 11 , 64 bit Build 26100 (10.0.26100.7705)
OS uptime: 3 days 7:25 hours
Hyper-V role detected

CPU: total 24 (initial active 24) (12 cores per cpu, 2 threads per core) family 6 model 183 stepping 1 microcode 0x12e, cx8, cmov, fxsr, ht, mmx, 3dnowpref, sse, sse2, sse3, ssse3, sse4.1, sse4.2, popcnt, lzcnt, tsc, tscinvbit, avx, avx2, aes, erms, clmul, bmi1, bmi2, adx, sha, fma, vzeroupper, clflush, clflushopt, clwb, hv, serialize, rdtscp, rdpid, fsrm, f16c, cet_ibt, cet_ss
Processor Information for the first 24 processors :
  Max Mhz: 2100, Current Mhz: 2100, Mhz Limit: 2100

Memory: 4k page, system-wide physical 16068M (6624M free)
TotalPageFile size 65220M (AvailPageFile size 55M)
current process WorkingSet (physical memory assigned to process): 13M, peak: 13M
current process commit charge ("private bytes"): 81M, peak: 333M

vm_info: OpenJDK 64-Bit Server VM (21.0.9+10-LTS) for windows-amd64 JRE (21.0.9+10-LTS), built on 2025-10-21T00:00:00Z by "admin" with unknown MS VC++:1942

END.
